#
# There is insufficient memory for the Java Runtime Environment to continue.
# Native memory allocation (mmap) failed to map 2064384 bytes for G1 virtual space
# Possible reasons:
#   The system is out of physical RAM or swap space
#   The process is running with CompressedOops enabled, and the Java Heap may be blocking the growth of the native heap
# Possible solutions:
#   Reduce memory load on the system
#   Increase physical memory or swap space
#   Check if swap backing store is full
#   Decrease Java heap size (-Xmx/-Xms)
#   Decrease number of Java threads
#   Decrease Java thread stack sizes (-Xss)
#   Set larger code cache with -XX:ReservedCodeCacheSize=
#   JVM is running with Unscaled Compressed Oops mode in which the Java heap is
#     placed in the first 4GB address space. The Java Heap base address is the
#     maximum limit for the native heap growth. Please use -XX:HeapBaseMinAddress
#     to set the Java Heap base and to place the Java Heap above 4GB virtual address.
# This output file may be truncated or incomplete.
#
#  Out of Memory Error (os_windows.cpp:3600), pid=30676, tid=28976
#
# JRE version:  (21.0.2+13) (build )
# Java VM: OpenJDK 64-Bit Server VM (21.0.2+13-LTS, mixed mode, sharing, tiered, compressed oops, compressed class ptrs, g1 gc, windows-amd64)
# No core dump will be written. Minidumps are not enabled by default on client versions of Windows
#

---------------  S U M M A R Y ------------

Command Line: --enable-preview -XX:+ShowCodeDetailsInExceptionMessages AddAuthorWindow

Host: Intel(R) Core(TM) i3-10110U CPU @ 2.10GHz, 4 cores, 7G,  Windows 11 , 64 bit Build 22621 (10.0.22621.3085)
Time: Mon Mar  4 11:34:32 2024 Paris, Madrid elapsed time: 0.017221 seconds (0d 0h 0m 0s)

---------------  T H R E A D  ---------------

Current thread (0x000002bfd55c98e0):  JavaThread "Unknown thread" [_thread_in_vm, id=28976, stack(0x000000cd2d500000,0x000000cd2d600000) (1024K)]

Stack: [0x000000cd2d500000,0x000000cd2d600000]
Native frames: (J=compiled Java code, j=interpreted, Vv=VM code, C=native code)
V  [jvm.dll+0x6c94f9]
V  [jvm.dll+0x8a3c21]
V  [jvm.dll+0x8a614e]
V  [jvm.dll+0x8a6823]
V  [jvm.dll+0x27fa86]
V  [jvm.dll+0x6c5c75]
V  [jvm.dll+0x6ba96a]
V  [jvm.dll+0x35398a]
V  [jvm.dll+0x35b536]
V  [jvm.dll+0x3ac6d3]
V  [jvm.dll+0x3ac968]
V  [jvm.dll+0x327bcc]
V  [jvm.dll+0x32872b]
V  [jvm.dll+0x86ccf9]
V  [jvm.dll+0x3b96c1]
V  [jvm.dll+0x854ec8]
V  [jvm.dll+0x44d44e]
V  [jvm.dll+0x44eed1]
C  [jli.dll+0x5278]
C  [ucrtbase.dll+0x29363]
C  [KERNEL32.DLL+0x1257d]
C  [ntdll.dll+0x5aa58]


---------------  P R O C E S S  ---------------

Threads class SMR info:
_java_thread_list=0x00007ff86fc8f088, length=0, elements={
}

Java Threads: ( => current thread )
Total: 0

Other Threads:
  0x000002bfd561bd20 WorkerThread "GC Thread#0"                     [id=17784, stack(0x000000cd2d600000,0x000000cd2d700000) (1024K)]
  0x000002bfd562c800 ConcurrentGCThread "G1 Main Marker"            [id=8312, stack(0x000000cd2d700000,0x000000cd2d800000) (1024K)]
  0x000002bfd562d4b0 WorkerThread "G1 Conc#0"                       [id=13968, stack(0x000000cd2d800000,0x000000cd2d900000) (1024K)]

[error occurred during error reporting (printing all threads), id 0xc0000005, EXCEPTION_ACCESS_VIOLATION (0xc0000005) at pc=0x00007ff86f39a4f7]
VM state: not at safepoint (not fully initialized)

VM Mutex/Monitor currently owned by a thread:  ([mutex/lock_event])
[0x00007ff86fd03298] Heap_lock - owner thread: 0x000002bfd55c98e0

Heap address: 0x0000000082800000, size: 2008 MB, Compressed Oops mode: 32-bit

CDS archive(s) mapped at: [0x0000000000000000-0x0000000000000000-0x0000000000000000), size 0, SharedBaseAddress: 0x0000000800000000, ArchiveRelocationMode: 1.
Narrow klass base: 0x0000000000000000, Narrow klass shift: 0, Narrow klass range: 0x0

GC Precious Log:
 CardTable entry size: 512
 Card Set container configuration: InlinePtr #cards 5 size 8 Array Of Cards #cards 12 size 40 Howl #buckets 4 coarsen threshold 1843 Howl Bitmap #cards 512 size 80 coarsen threshold 460 Card regions per heap region 1 cards per card region 2048

Heap:
 garbage-first heap   total 0K, used 0K [0x0000000082800000, 0x0000000100000000)
  region size 1024K, 0 young (0K), 0 survivors (0K)

[error occurred during error reporting (printing heap information), id 0xc0000005, EXCEPTION_ACCESS_VIOLATION (0xc0000005) at pc=0x00007ff86f7823c9]
GC Heap History (0 events):
No events

Dll operation events (1 events):
Event: 0.007 Loaded shared library C:\Program Files\Eclipse Adoptium\jdk-21.0.2.13-hotspot\bin\java.dll

Deoptimization events (0 events):
No events

Classes loaded (0 events):
No events

Classes unloaded (0 events):
No events

Classes redefined (0 events):
No events

Internal exceptions (0 events):
No events

ZGC Phase Switch (0 events):
No events

VM Operations (0 events):
No events

Events (0 events):
No events


Dynamic libraries:
0x00007ff67fb90000 - 0x00007ff67fb9e000 	C:\Program Files\Eclipse Adoptium\jdk-21.0.2.13-hotspot\bin\java.exe
0x00007ff8e9b70000 - 0x00007ff8e9d87000 	C:\WINDOWS\SYSTEM32\ntdll.dll
0x00007ff8e8f20000 - 0x00007ff8e8fe4000 	C:\WINDOWS\System32\KERNEL32.DLL
0x00007ff8e6ff0000 - 0x00007ff8e7396000 	C:\WINDOWS\System32\KERNELBASE.dll
0x00007ff8e77a0000 - 0x00007ff8e78b1000 	C:\WINDOWS\System32\ucrtbase.dll
0x00007ff8c9190000 - 0x00007ff8c91ab000 	C:\Program Files\Eclipse Adoptium\jdk-21.0.2.13-hotspot\bin\VCRUNTIME140.dll
0x00007ff8cd4d0000 - 0x00007ff8cd4e8000 	C:\Program Files\Eclipse Adoptium\jdk-21.0.2.13-hotspot\bin\jli.dll
0x00007ff8e9170000 - 0x00007ff8e931e000 	C:\WINDOWS\System32\USER32.dll
0x00007ff8e6f20000 - 0x00007ff8e6f46000 	C:\WINDOWS\System32\win32u.dll
0x00007ff8d0a40000 - 0x00007ff8d0cd3000 	C:\WINDOWS\WinSxS\amd64_microsoft.windows.common-controls_6595b64144ccf1df_6.0.22621.2506_none_270c5ae97388e100\COMCTL32.dll
0x00007ff8e8580000 - 0x00007ff8e85a9000 	C:\WINDOWS\System32\GDI32.dll
0x00007ff8e93c0000 - 0x00007ff8e9467000 	C:\WINDOWS\System32\msvcrt.dll
0x00007ff8e73a0000 - 0x00007ff8e74b8000 	C:\WINDOWS\System32\gdi32full.dll
0x00007ff8e6f50000 - 0x00007ff8e6fea000 	C:\WINDOWS\System32\msvcp_win.dll
0x00007ff8e8ee0000 - 0x00007ff8e8f11000 	C:\WINDOWS\System32\IMM32.DLL
0x00007ff8ddba0000 - 0x00007ff8ddbac000 	C:\Program Files\Eclipse Adoptium\jdk-21.0.2.13-hotspot\bin\vcruntime140_1.dll
0x00007ff8c5ac0000 - 0x00007ff8c5b4e000 	C:\Program Files\Eclipse Adoptium\jdk-21.0.2.13-hotspot\bin\msvcp140.dll
0x00007ff86f060000 - 0x00007ff86fde3000 	C:\Program Files\Eclipse Adoptium\jdk-21.0.2.13-hotspot\bin\server\jvm.dll
0x00007ff8e8cb0000 - 0x00007ff8e8d63000 	C:\WINDOWS\System32\ADVAPI32.dll
0x00007ff8e8d70000 - 0x00007ff8e8e18000 	C:\WINDOWS\System32\sechost.dll
0x00007ff8e76f0000 - 0x00007ff8e7718000 	C:\WINDOWS\System32\bcrypt.dll
0x00007ff8e9050000 - 0x00007ff8e9167000 	C:\WINDOWS\System32\RPCRT4.dll
0x00007ff8e9340000 - 0x00007ff8e93b1000 	C:\WINDOWS\System32\WS2_32.dll
0x00007ff8e6d80000 - 0x00007ff8e6dcd000 	C:\WINDOWS\SYSTEM32\POWRPROF.dll
0x00007ff8dd020000 - 0x00007ff8dd054000 	C:\WINDOWS\SYSTEM32\WINMM.dll
0x00007ff8dcd20000 - 0x00007ff8dcd2a000 	C:\WINDOWS\SYSTEM32\VERSION.dll
0x00007ff8e6cb0000 - 0x00007ff8e6cc3000 	C:\WINDOWS\SYSTEM32\UMPDC.dll
0x00007ff8e5e50000 - 0x00007ff8e5e68000 	C:\WINDOWS\SYSTEM32\kernel.appcore.dll
0x00007ff8dd1e0000 - 0x00007ff8dd1ea000 	C:\Program Files\Eclipse Adoptium\jdk-21.0.2.13-hotspot\bin\jimage.dll
0x00007ff8de320000 - 0x00007ff8de553000 	C:\WINDOWS\SYSTEM32\DBGHELP.DLL
0x00007ff8e85c0000 - 0x00007ff8e8949000 	C:\WINDOWS\System32\combase.dll
0x00007ff8e8ad0000 - 0x00007ff8e8ba7000 	C:\WINDOWS\System32\OLEAUT32.dll
0x00007ff894260000 - 0x00007ff894292000 	C:\WINDOWS\SYSTEM32\dbgcore.DLL
0x00007ff8e7720000 - 0x00007ff8e779a000 	C:\WINDOWS\System32\bcryptPrimitives.dll
0x00007ff8c9170000 - 0x00007ff8c918f000 	C:\Program Files\Eclipse Adoptium\jdk-21.0.2.13-hotspot\bin\java.dll

dbghelp: loaded successfully - version: 4.0.5 - missing functions: none
symbol engine: initialized successfully - sym options: 0x614 - pdb path: .;C:\Program Files\Eclipse Adoptium\jdk-21.0.2.13-hotspot\bin;C:\WINDOWS\SYSTEM32;C:\WINDOWS\WinSxS\amd64_microsoft.windows.common-controls_6595b64144ccf1df_6.0.22621.2506_none_270c5ae97388e100;C:\Program Files\Eclipse Adoptium\jdk-21.0.2.13-hotspot\bin\server

VM Arguments:
jvm_args: --enable-preview -XX:+ShowCodeDetailsInExceptionMessages 
java_command: AddAuthorWindow
java_class_path (initial): C:\UwAmp\www\E5-Biblotheque\E5-java-biblo\bin;c:\UwAmp\www\E5-Biblotheque\E5-java-biblo\lib\mysql-connector-java-5.0.5.jar
Launcher Type: SUN_STANDARD

[Global flags]
     intx CICompilerCount                          = 3                                         {product} {ergonomic}
     uint ConcGCThreads                            = 1                                         {product} {ergonomic}
     uint G1ConcRefinementThreads                  = 4                                         {product} {ergonomic}
   size_t G1HeapRegionSize                         = 1048576                                   {product} {ergonomic}
    uintx GCDrainStackTargetSize                   = 64                                        {product} {ergonomic}
   size_t InitialHeapSize                          = 132120576                                 {product} {ergonomic}
   size_t MarkStackSize                            = 4194304                                   {product} {ergonomic}
   size_t MaxHeapSize                              = 2105540608                                {product} {ergonomic}
   size_t MinHeapDeltaBytes                        = 1048576                                   {product} {ergonomic}
   size_t MinHeapSize                              = 8388608                                   {product} {ergonomic}
    uintx NonNMethodCodeHeapSize                   = 5832780                                {pd product} {ergonomic}
    uintx NonProfiledCodeHeapSize                  = 122912730                              {pd product} {ergonomic}
    uintx ProfiledCodeHeapSize                     = 122912730                              {pd product} {ergonomic}
    uintx ReservedCodeCacheSize                    = 251658240                              {pd product} {ergonomic}
     bool SegmentedCodeCache                       = true                                      {product} {ergonomic}
     bool ShowCodeDetailsInExceptionMessages       = true                                   {manageable} {command line}
   size_t SoftMaxHeapSize                          = 2105540608                             {manageable} {ergonomic}
     bool UseCompressedOops                        = true                           {product lp64_product} {ergonomic}
     bool UseG1GC                                  = true                                      {product} {ergonomic}
     bool UseLargePagesIndividualAllocation        = false                                  {pd product} {ergonomic}

Logging:
Log output configuration:
 #0: stdout all=warning uptime,level,tags foldmultilines=false
 #1: stderr all=off uptime,level,tags foldmultilines=false

Environment Variables:
PATH=C:\Program Files\Eclipse Adoptium\jdk-21.0.2.13-hotspot\bin;C:\Program Files\Common Files\Oracle\Java\javapath;C:\WINDOWS\system32;C:\WINDOWS;C:\WINDOWS\System32\Wbem;C:\WINDOWS\System32\WindowsPowerShell\v1.0\;C:\WINDOWS\System32\OpenSSH\;C:\Program Files\dotnet\;C:\Program Files\Git\cmd;C:\Program Files\nodejs\;C:\Program Files\Java\jdk-21\bin;C:\Program Files\Swift\runtime-development\usr\bin;C:\Users\ibrahima\AppData\Local\Microsoft\WindowsApps;C:\Program Files (x86)\Nmap;C:\Users\ibrahima\AppData\Local\Microsoft\WindowsApps;C:\Users\ibrahima\AppData\Local\Programs\Microsoft VS Code\bin;C:\Users\ibrahima\AppData\Roaming\npm;C:\Program Files\heroku\bin
USERNAME=ibrahima
LANG=fr_FR.UTF-8
OS=Windows_NT
PROCESSOR_IDENTIFIER=Intel64 Family 6 Model 142 Stepping 12, GenuineIntel
TMP=C:\Users\ibrahima\AppData\Local\Temp
TEMP=C:\Users\ibrahima\AppData\Local\Temp




Periodic native trim disabled

---------------  S Y S T E M  ---------------

OS:
 Windows 11 , 64 bit Build 22621 (10.0.22621.3085)
OS uptime: 5 days 16:09 hours
Hyper-V role detected

CPU: total 4 (initial active 4) (2 cores per cpu, 2 threads per core) family 6 model 142 stepping 12 microcode 0xde, cx8, cmov, fxsr, ht, mmx, 3dnowpref, sse, sse2, sse3, ssse3, sse4.1, sse4.2, popcnt, lzcnt, tsc, tscinvbit, avx, avx2, aes, erms, clmul, bmi1, bmi2, adx, fma, vzeroupper, clflush, clflushopt, hv, rdtscp, f16c
Processor Information for all 4 processors :
  Max Mhz: 2592, Current Mhz: 2093, Mhz Limit: 2073

Memory: 4k page, system-wide physical 8025M (360M free)
TotalPageFile size 23385M (AvailPageFile size 5M)
current process WorkingSet (physical memory assigned to process): 11M, peak: 11M
current process commit charge ("private bytes"): 178M, peak: 180M

vm_info: OpenJDK 64-Bit Server VM (21.0.2+13-LTS) for windows-amd64 JRE (21.0.2+13-LTS), built on 2024-01-16T00:00:00Z by "admin" with unknown MS VC++:1937

END.
